0 verbose cli /usr/local/bin/node /usr/local/bin/npm
1 info using npm@11.6.2
2 info using node@v24.11.1
3 silly config load:file:/usr/local/lib/node_modules/npm/npmrc
4 silly config load:file:/Users/mrrayan07/Library/CloudStorage/GoogleDrive-mrrayan0407@gmail.com/My Drive/Projects/Finance_web/v0-CapitalCoreFinance/.npmrc
5 silly config load:file:/Users/mrrayan07/.npmrc
6 silly config load:file:/usr/local/etc/npmrc
7 verbose title npm install react-is
8 verbose argv "install" "react-is" "--legacy-peer-deps"
9 verbose logfile logs-max:10 dir:/Users/mrrayan07/Library/CloudStorage/GoogleDrive-mrrayan0407@gmail.com/My Drive/Projects/Finance_web/v0-CapitalCoreFinance/.npm-cache/_logs/2025-12-10T05_56_52_275Z-
10 verbose logfile /Users/mrrayan07/Library/CloudStorage/GoogleDrive-mrrayan0407@gmail.com/My Drive/Projects/Finance_web/v0-CapitalCoreFinance/.npm-cache/_logs/2025-12-10T05_56_52_275Z-debug-0.log
11 silly logfile done cleaning log files
12 silly packumentCache heap:2348810240 maxSize:587202560 maxEntrySize:293601280
13 silly idealTree buildDeps
14 silly fetch manifest react-is@*
15 silly packumentCache full:https://registry.npmjs.org/react-is cache-miss
16 http cache https://registry.npmjs.org/react-is 70ms (cache hit)
17 silly packumentCache full:https://registry.npmjs.org/react-is set size:5120891 disposed:false
18 silly placeDep ROOT react-is@19.2.1 OK for: my-v0-project@0.1.0 want: *
19 silly reify moves {}
20 silly audit bulk request {
20 silly audit   '@alloc/quick-lru': [ '5.2.0' ],
20 silly audit   '@date-fns/tz': [ '1.2.0' ],
20 silly audit   '@emnapi/runtime': [ '1.7.1' ],
20 silly audit   '@emotion/is-prop-valid': [ '1.4.0' ],
20 silly audit   '@emotion/memoize': [ '0.9.0' ],
20 silly audit   '@floating-ui/core': [ '1.7.3' ],
20 silly audit   '@floating-ui/dom': [ '1.7.4' ],
20 silly audit   '@floating-ui/react-dom': [ '2.1.6' ],
20 silly audit   '@floating-ui/utils': [ '0.2.10' ],
20 silly audit   '@hookform/resolvers': [ '3.10.0' ],
20 silly audit   '@img/colour': [ '1.0.0' ],
20 silly audit   '@img/sharp-darwin-arm64': [ '0.34.5' ],
20 silly audit   '@img/sharp-darwin-x64': [ '0.34.5' ],
20 silly audit   '@img/sharp-libvips-darwin-arm64': [ '1.2.4' ],
20 silly audit   '@img/sharp-libvips-darwin-x64': [ '1.2.4' ],
20 silly audit   '@img/sharp-libvips-linux-arm': [ '1.2.4' ],
20 silly audit   '@img/sharp-libvips-linux-arm64': [ '1.2.4' ],
20 silly audit   '@img/sharp-libvips-linux-ppc64': [ '1.2.4' ],
20 silly audit   '@img/sharp-libvips-linux-riscv64': [ '1.2.4' ],
20 silly audit   '@img/sharp-libvips-linux-s390x': [ '1.2.4' ],
20 silly audit   '@img/sharp-libvips-linux-x64': [ '1.2.4' ],
20 silly audit   '@img/sharp-libvips-linuxmusl-arm64': [ '1.2.4' ],
20 silly audit   '@img/sharp-libvips-linuxmusl-x64': [ '1.2.4' ],
20 silly audit   '@img/sharp-linux-arm': [ '0.34.5' ],
20 silly audit   '@img/sharp-linux-arm64': [ '0.34.5' ],
20 silly audit   '@img/sharp-linux-ppc64': [ '0.34.5' ],
20 silly audit   '@img/sharp-linux-riscv64': [ '0.34.5' ],
20 silly audit   '@img/sharp-linux-s390x': [ '0.34.5' ],
20 silly audit   '@img/sharp-linux-x64': [ '0.34.5' ],
20 silly audit   '@img/sharp-linuxmusl-arm64': [ '0.34.5' ],
20 silly audit   '@img/sharp-linuxmusl-x64': [ '0.34.5' ],
20 silly audit   '@img/sharp-wasm32': [ '0.34.5' ],
20 silly audit   '@img/sharp-win32-arm64': [ '0.34.5' ],
20 silly audit   '@img/sharp-win32-ia32': [ '0.34.5' ],
20 silly audit   '@img/sharp-win32-x64': [ '0.34.5' ],
20 silly audit   '@jridgewell/gen-mapping': [ '0.3.13' ],
20 silly audit   '@jridgewell/remapping': [ '2.3.5' ],
20 silly audit   '@jridgewell/resolve-uri': [ '3.1.2' ],
20 silly audit   '@jridgewell/sourcemap-codec': [ '1.5.5' ],
20 silly audit   '@jridgewell/trace-mapping': [ '0.3.31' ],
20 silly audit   '@next/env': [ '16.0.7' ],
20 silly audit   '@next/swc-darwin-arm64': [ '16.0.7' ],
20 silly audit   '@next/swc-darwin-x64': [ '16.0.7' ],
20 silly audit   '@next/swc-linux-arm64-gnu': [ '16.0.7' ],
20 silly audit   '@next/swc-linux-arm64-musl': [ '16.0.7' ],
20 silly audit   '@next/swc-linux-x64-gnu': [ '16.0.7' ],
20 silly audit   '@next/swc-linux-x64-musl': [ '16.0.7' ],
20 silly audit   '@next/swc-win32-arm64-msvc': [ '16.0.7' ],
20 silly audit   '@next/swc-win32-x64-msvc': [ '16.0.7' ],
20 silly audit   '@radix-ui/number': [ '1.1.0' ],
20 silly audit   '@radix-ui/primitive': [ '1.1.1' ],
20 silly audit   '@radix-ui/react-accordion': [ '1.2.2' ],
20 silly audit   '@radix-ui/react-alert-dialog': [ '1.1.4' ],
20 silly audit   '@radix-ui/react-arrow': [ '1.1.1' ],
20 silly audit   '@radix-ui/react-aspect-ratio': [ '1.1.1' ],
20 silly audit   '@radix-ui/react-avatar': [ '1.1.2' ],
20 silly audit   '@radix-ui/react-checkbox': [ '1.1.3' ],
20 silly audit   '@radix-ui/react-collapsible': [ '1.1.2' ],
20 silly audit   '@radix-ui/react-collection': [ '1.1.1' ],
20 silly audit   '@radix-ui/react-compose-refs': [ '1.1.1' ],
20 silly audit   '@radix-ui/react-context': [ '1.1.1' ],
20 silly audit   '@radix-ui/react-context-menu': [ '2.2.4' ],
20 silly audit   '@radix-ui/react-dialog': [ '1.1.4' ],
20 silly audit   '@radix-ui/react-direction': [ '1.1.0' ],
20 silly audit   '@radix-ui/react-dismissable-layer': [ '1.1.3' ],
20 silly audit   '@radix-ui/react-dropdown-menu': [ '2.1.4' ],
20 silly audit   '@radix-ui/react-focus-guards': [ '1.1.1' ],
20 silly audit   '@radix-ui/react-focus-scope': [ '1.1.1' ],
20 silly audit   '@radix-ui/react-hover-card': [ '1.1.4' ],
20 silly audit   '@radix-ui/react-id': [ '1.1.0' ],
20 silly audit   '@radix-ui/react-label': [ '2.1.1' ],
20 silly audit   '@radix-ui/react-menu': [ '2.1.4' ],
20 silly audit   '@radix-ui/react-menubar': [ '1.1.4' ],
20 silly audit   '@radix-ui/react-navigation-menu': [ '1.2.3' ],
20 silly audit   '@radix-ui/react-popover': [ '1.1.4' ],
20 silly audit   '@radix-ui/react-popper': [ '1.2.1' ],
20 silly audit   '@radix-ui/react-portal': [ '1.1.3' ],
20 silly audit   '@radix-ui/react-presence': [ '1.1.2' ],
20 silly audit   '@radix-ui/react-primitive': [ '2.0.1' ],
20 silly audit   '@radix-ui/react-progress': [ '1.1.1' ],
20 silly audit   '@radix-ui/react-radio-group': [ '1.2.2' ],
20 silly audit   '@radix-ui/react-roving-focus': [ '1.1.1' ],
20 silly audit   '@radix-ui/react-scroll-area': [ '1.2.2' ],
20 silly audit   '@radix-ui/react-select': [ '2.1.4' ],
20 silly audit   '@radix-ui/react-separator': [ '1.1.1' ],
20 silly audit   '@radix-ui/react-slider': [ '1.2.2' ],
20 silly audit   '@radix-ui/react-slot': [ '1.1.1' ],
20 silly audit   '@radix-ui/react-switch': [ '1.1.2' ],
20 silly audit   '@radix-ui/react-tabs': [ '1.1.2' ],
20 silly audit   '@radix-ui/react-toast': [ '1.2.4' ],
20 silly audit   '@radix-ui/react-toggle': [ '1.1.1' ],
20 silly audit   '@radix-ui/react-toggle-group': [ '1.1.1' ],
20 silly audit   '@radix-ui/react-tooltip': [ '1.1.6' ],
20 silly audit   '@radix-ui/react-use-callback-ref': [ '1.1.0' ],
20 silly audit   '@radix-ui/react-use-controllable-state': [ '1.1.0' ],
20 silly audit   '@radix-ui/react-use-escape-keydown': [ '1.1.0' ],
20 silly audit   '@radix-ui/react-use-layout-effect': [ '1.1.0' ],
20 silly audit   '@radix-ui/react-use-previous': [ '1.1.0' ],
20 silly audit   '@radix-ui/react-use-rect': [ '1.1.0' ],
20 silly audit   '@radix-ui/react-use-size': [ '1.1.0' ],
20 silly audit   '@radix-ui/react-visually-hidden': [ '1.1.1' ],
20 silly audit   '@radix-ui/rect': [ '1.1.0' ],
20 silly audit   '@reduxjs/toolkit': [ '2.11.1' ],
20 silly audit   immer: [ '11.0.1', '10.2.0' ],
20 silly audit   '@standard-schema/spec': [ '1.0.0' ],
20 silly audit   '@standard-schema/utils': [ '0.3.0' ],
20 silly audit   '@swc/helpers': [ '0.5.15' ],
20 silly audit   '@tailwindcss/node': [ '4.1.17' ],
20 silly audit   '@tailwindcss/oxide': [ '4.1.17' ],
20 silly audit   '@tailwindcss/oxide-android-arm64': [ '4.1.17' ],
20 silly audit   '@tailwindcss/oxide-darwin-arm64': [ '4.1.17' ],
20 silly audit   '@tailwindcss/oxide-darwin-x64': [ '4.1.17' ],
20 silly audit   '@tailwindcss/oxide-freebsd-x64': [ '4.1.17' ],
20 silly audit   '@tailwindcss/oxide-linux-arm-gnueabihf': [ '4.1.17' ],
20 silly audit   '@tailwindcss/oxide-linux-arm64-gnu': [ '4.1.17' ],
20 silly audit   '@tailwindcss/oxide-linux-arm64-musl': [ '4.1.17' ],
20 silly audit   '@tailwindcss/oxide-linux-x64-gnu': [ '4.1.17' ],
20 silly audit   '@tailwindcss/oxide-linux-x64-musl': [ '4.1.17' ],
20 silly audit   '@tailwindcss/oxide-wasm32-wasi': [ '4.1.17' ],
20 silly audit   '@tailwindcss/oxide-win32-arm64-msvc': [ '4.1.17' ],
20 silly audit   '@tailwindcss/oxide-win32-x64-msvc': [ '4.1.17' ],
20 silly audit   '@tailwindcss/postcss': [ '4.1.17' ],
20 silly audit   '@types/d3-array': [ '3.2.2' ],
20 silly audit   '@types/d3-color': [ '3.1.3' ],
20 silly audit   '@types/d3-ease': [ '3.0.2' ],
20 silly audit   '@types/d3-interpolate': [ '3.0.4' ],
20 silly audit   '@types/d3-path': [ '3.1.1' ],
20 silly audit   '@types/d3-scale': [ '4.0.9' ],
20 silly audit   '@types/d3-shape': [ '3.1.7' ],
20 silly audit   '@types/d3-time': [ '3.0.4' ],
20 silly audit   '@types/d3-timer': [ '3.0.2' ],
20 silly audit   '@types/node': [ '22.19.2' ],
20 silly audit   '@types/react': [ '19.2.7' ],
20 silly audit   '@types/react-dom': [ '19.2.3' ],
20 silly audit   '@types/use-sync-external-store': [ '0.0.6' ],
20 silly audit   '@vercel/analytics': [ '1.6.1' ],
20 silly audit   'aria-hidden': [ '1.2.6' ],
20 silly audit   autoprefixer: [ '10.4.22' ],
20 silly audit   'baseline-browser-mapping': [ '2.9.5' ],
20 silly audit   browserslist: [ '4.28.1' ],
20 silly audit   'caniuse-lite': [ '1.0.30001760' ],
20 silly audit   'class-variance-authority': [ '0.7.1' ],
20 silly audit   'client-only': [ '0.0.1' ],
20 silly audit   clsx: [ '2.1.1' ],
20 silly audit   cmdk: [ '1.0.4' ],
20 silly audit   csstype: [ '3.2.3' ],
20 silly audit   'd3-array': [ '3.2.4' ],
20 silly audit   'd3-color': [ '3.1.0' ],
20 silly audit   'd3-ease': [ '3.0.1' ],
20 silly audit   'd3-format': [ '3.1.0' ],
20 silly audit   'd3-interpolate': [ '3.0.1' ],
20 silly audit   'd3-path': [ '3.1.0' ],
20 silly audit   'd3-scale': [ '4.0.2' ],
20 silly audit   'd3-shape': [ '3.2.0' ],
20 silly audit   'd3-time': [ '3.1.0' ],
20 silly audit   'd3-time-format': [ '4.1.0' ],
20 silly audit   'd3-timer': [ '3.0.1' ],
20 silly audit   'date-fns': [ '4.1.0' ],
20 silly audit   'date-fns-jalali': [ '4.1.0-0' ],
20 silly audit   'decimal.js-light': [ '2.5.1' ],
20 silly audit   'detect-libc': [ '2.1.2' ],
20 silly audit   'detect-node-es': [ '1.1.0' ],
20 silly audit   'electron-to-chromium': [ '1.5.267' ],
20 silly audit   'embla-carousel': [ '8.5.1' ],
20 silly audit   'embla-carousel-react': [ '8.5.1' ],
20 silly audit   'embla-carousel-reactive-utils': [ '8.5.1' ],
20 silly audit   'enhanced-resolve': [ '5.18.3' ],
20 silly audit   'es-toolkit': [ '1.42.0' ],
20 silly audit   escalade: [ '3.2.0' ],
20 silly audit   eventemitter3: [ '5.0.1' ],
20 silly audit   'fraction.js': [ '5.3.4' ],
20 silly audit   'framer-motion': [ '12.23.25' ],
20 silly audit   'get-nonce': [ '1.0.1' ],
20 silly audit   'graceful-fs': [ '4.2.11' ],
20 silly audit   gsap: [ '3.14.1' ],
20 silly audit   'input-otp': [ '1.4.1' ],
20 silly audit   internmap: [ '2.0.3' ],
20 silly audit   jiti: [ '2.6.1' ],
20 silly audit   lightningcss: [ '1.30.2' ],
20 silly audit   'lightningcss-android-arm64': [ '1.30.2' ],
20 silly audit   'lightningcss-darwin-arm64': [ '1.30.2' ],
20 silly audit   'lightningcss-darwin-x64': [ '1.30.2' ],
20 silly audit   'lightningcss-freebsd-x64': [ '1.30.2' ],
20 silly audit   'lightningcss-linux-arm-gnueabihf': [ '1.30.2' ],
20 silly audit   'lightningcss-linux-arm64-gnu': [ '1.30.2' ],
20 silly audit   'lightningcss-linux-arm64-musl': [ '1.30.2' ],
20 silly audit   'lightningcss-linux-x64-gnu': [ '1.30.2' ],
20 silly audit   'lightningcss-linux-x64-musl': [ '1.30.2' ],
20 silly audit   'lightningcss-win32-arm64-msvc': [ '1.30.2' ],
20 silly audit   'lightningcss-win32-x64-msvc': [ '1.30.2' ],
20 silly audit   'lucide-react': [ '0.454.0' ],
20 silly audit   'magic-string': [ '0.30.21' ],
20 silly audit   'motion-dom': [ '12.23.23' ],
20 silly audit   'motion-utils': [ '12.23.6' ],
20 silly audit   nanoid: [ '3.3.11' ],
20 silly audit   next: [ '16.0.7' ],
20 silly audit   'next-themes': [ '0.4.6' ],
20 silly audit   postcss: [ '8.4.31', '8.5.6' ],
20 silly audit   'node-releases': [ '2.0.27' ],
20 silly audit   'normalize-range': [ '0.1.2' ],
20 silly audit   picocolors: [ '1.1.1' ],
20 silly audit   'postcss-value-parser': [ '4.2.0' ],
20 silly audit   react: [ '19.2.0' ],
20 silly audit   'react-day-picker': [ '9.8.0' ],
20 silly audit   'react-dom': [ '19.2.0' ],
20 silly audit   'react-hook-form': [ '7.68.0' ],
20 silly audit   'react-redux': [ '9.2.0' ],
20 silly audit   'react-remove-scroll': [ '2.7.2' ],
20 silly audit   'react-remove-scroll-bar': [ '2.3.8' ],
20 silly audit   'react-resizable-panels': [ '2.1.9' ],
20 silly audit   'react-style-singleton': [ '2.2.3' ],
20 silly audit   recharts: [ '3.5.1' ],
20 silly audit   redux: [ '5.0.1' ],
20 silly audit   'redux-thunk': [ '3.1.0' ],
20 silly audit   reselect: [ '5.1.1' ],
20 silly audit   scheduler: [ '0.27.0' ],
20 silly audit   semver: [ '7.7.3' ],
20 silly audit   sharp: [ '0.34.5' ],
20 silly audit   sonner: [ '1.7.4' ],
20 silly audit   'source-map-js': [ '1.2.1' ],
20 silly audit   'styled-jsx': [ '5.1.6' ],
20 silly audit   'tailwind-merge': [ '2.6.0' ],
20 silly audit   tailwindcss: [ '4.1.17' ],
20 silly audit   'tailwindcss-animate': [ '1.0.7' ],
20 silly audit   tapable: [ '2.3.0' ],
20 silly audit   'tiny-invariant': [ '1.3.3' ],
20 silly audit   tslib: [ '2.8.1' ],
20 silly audit   'tw-animate-css': [ '1.3.3' ],
20 silly audit   typescript: [ '5.9.3' ],
20 silly audit   'undici-types': [ '6.21.0' ],
20 silly audit   'update-browserslist-db': [ '1.2.2' ],
20 silly audit   'use-callback-ref': [ '1.3.3' ],
20 silly audit   'use-sidecar': [ '1.1.3' ],
20 silly audit   'use-sync-external-store': [ '1.6.0' ],
20 silly audit   vaul: [ '0.9.9' ],
20 silly audit   'victory-vendor': [ '37.3.6' ],
20 silly audit   zod: [ '3.25.76' ],
20 silly audit   'react-is': [ '19.2.1' ]
20 silly audit }
21 http cache react-is@https://registry.npmjs.org/react-is/-/react-is-19.2.1.tgz 0ms (cache hit)
22 silly tarball no local data for react-is@https://registry.npmjs.org/react-is/-/react-is-19.2.1.tgz. Extracting by manifest.
23 http fetch GET 200 https://registry.npmjs.org/react-is/-/react-is-19.2.1.tgz 241ms (cache miss)
24 http fetch POST 200 https://registry.npmjs.org/-/npm/v1/security/advisories/bulk 544ms
25 silly audit report {}
26 silly ADD node_modules/react-is
27 verbose cwd /Users/mrrayan07/Library/CloudStorage/GoogleDrive-mrrayan0407@gmail.com/My Drive/Projects/Finance_web/v0-CapitalCoreFinance
28 verbose os Darwin 25.1.0
29 verbose node v24.11.1
30 verbose npm  v11.6.2
31 verbose exit 0
32 info ok
