0 verbose cli /usr/local/bin/node /usr/local/bin/npm
1 info using npm@11.6.2
2 info using node@v24.11.1
3 silly config load:file:/usr/local/lib/node_modules/npm/npmrc
4 silly config load:file:/Users/mrrayan07/Desktop/capcore/v0-CapitalCoreFinance/.npmrc
5 silly config load:file:/Users/mrrayan07/.npmrc
6 silly config load:file:/usr/local/etc/npmrc
7 verbose title npm install
8 verbose argv "install"
9 verbose logfile logs-max:10 dir:/Users/mrrayan07/Desktop/capcore/v0-CapitalCoreFinance/.npm-cache/_logs/2026-01-21T07_17_23_736Z-
10 verbose logfile /Users/mrrayan07/Desktop/capcore/v0-CapitalCoreFinance/.npm-cache/_logs/2026-01-21T07_17_23_736Z-debug-0.log
11 silly logfile done cleaning log files
12 silly packumentCache heap:2348810240 maxSize:587202560 maxEntrySize:293601280
13 silly idealTree buildDeps
14 silly fetch manifest @emotion/is-prop-valid@latest
15 silly packumentCache full:https://registry.npmjs.org/@emotion%2fis-prop-valid cache-miss
16 http fetch GET 200 https://registry.npmjs.org/@emotion%2fis-prop-valid 450ms (cache miss)
17 silly packumentCache full:https://registry.npmjs.org/@emotion%2fis-prop-valid set size:undefined disposed:false
18 silly fetch manifest @hookform/resolvers@^3.10.0
19 silly packumentCache full:https://registry.npmjs.org/@hookform%2fresolvers cache-miss
20 http fetch GET 200 https://registry.npmjs.org/@hookform%2fresolvers 90ms (cache miss)
21 silly packumentCache full:https://registry.npmjs.org/@hookform%2fresolvers set size:undefined disposed:false
22 silly fetch manifest react-hook-form@^7.60.0
23 silly packumentCache full:https://registry.npmjs.org/react-hook-form cache-miss
24 http fetch GET 200 https://registry.npmjs.org/npm 610ms
25 http fetch GET 200 https://registry.npmjs.org/react-hook-form 221ms (cache miss)
26 silly packumentCache full:https://registry.npmjs.org/react-hook-form set size:undefined disposed:false
27 silly fetch manifest react@19.2.0
28 silly packumentCache full:https://registry.npmjs.org/react cache-miss
29 http fetch GET 200 https://registry.npmjs.org/react 295ms (cache miss)
30 silly packumentCache full:https://registry.npmjs.org/react set size:undefined disposed:false
31 silly fetch manifest @radix-ui/react-accordion@1.2.2
32 silly packumentCache full:https://registry.npmjs.org/@radix-ui%2freact-accordion cache-miss
33 http fetch GET 200 https://registry.npmjs.org/@radix-ui%2freact-accordion 334ms (cache miss)
34 silly packumentCache full:https://registry.npmjs.org/@radix-ui%2freact-accordion set size:undefined disposed:false
35 silly fetch manifest @types/react@^19
36 silly packumentCache full:https://registry.npmjs.org/@types%2freact cache-miss
37 http fetch GET 200 https://registry.npmjs.org/@types%2freact 176ms (cache miss)
38 silly packumentCache full:https://registry.npmjs.org/@types%2freact set size:undefined disposed:false
39 silly fetch manifest @types/react-dom@^19
40 silly packumentCache full:https://registry.npmjs.org/@types%2freact-dom cache-miss
41 http fetch GET 200 https://registry.npmjs.org/@types%2freact-dom 107ms (cache miss)
42 silly packumentCache full:https://registry.npmjs.org/@types%2freact-dom set size:undefined disposed:false
43 silly fetch manifest react-dom@19.2.0
44 silly packumentCache full:https://registry.npmjs.org/react-dom cache-miss
45 http fetch GET 200 https://registry.npmjs.org/react-dom 307ms (cache miss)
46 silly packumentCache full:https://registry.npmjs.org/react-dom set size:undefined disposed:false
47 silly fetch manifest @radix-ui/react-alert-dialog@1.1.4
48 silly packumentCache full:https://registry.npmjs.org/@radix-ui%2freact-alert-dialog cache-miss
49 http fetch GET 200 https://registry.npmjs.org/@radix-ui%2freact-alert-dialog 600ms (cache miss)
50 silly packumentCache full:https://registry.npmjs.org/@radix-ui%2freact-alert-dialog set size:undefined disposed:false
51 silly fetch manifest @radix-ui/react-aspect-ratio@1.1.1
52 silly packumentCache full:https://registry.npmjs.org/@radix-ui%2freact-aspect-ratio cache-miss
53 http fetch GET 200 https://registry.npmjs.org/@radix-ui%2freact-aspect-ratio 1193ms (cache miss)
54 silly packumentCache full:https://registry.npmjs.org/@radix-ui%2freact-aspect-ratio set size:undefined disposed:false
55 silly fetch manifest @radix-ui/react-avatar@1.1.2
56 silly packumentCache full:https://registry.npmjs.org/@radix-ui%2freact-avatar cache-miss
57 http fetch GET 200 https://registry.npmjs.org/@radix-ui%2freact-avatar 546ms (cache miss)
58 silly packumentCache full:https://registry.npmjs.org/@radix-ui%2freact-avatar set size:undefined disposed:false
59 silly fetch manifest @radix-ui/react-checkbox@1.1.3
60 silly packumentCache full:https://registry.npmjs.org/@radix-ui%2freact-checkbox cache-miss
61 http fetch GET 200 https://registry.npmjs.org/@radix-ui%2freact-checkbox 827ms (cache miss)
62 silly packumentCache full:https://registry.npmjs.org/@radix-ui%2freact-checkbox set size:undefined disposed:false
63 silly fetch manifest @radix-ui/react-collapsible@1.1.2
64 silly packumentCache full:https://registry.npmjs.org/@radix-ui%2freact-collapsible cache-miss
65 http fetch GET 200 https://registry.npmjs.org/@radix-ui%2freact-collapsible 270ms (cache miss)
66 silly packumentCache full:https://registry.npmjs.org/@radix-ui%2freact-collapsible set size:undefined disposed:false
67 silly fetch manifest @radix-ui/react-context-menu@2.2.4
68 silly packumentCache full:https://registry.npmjs.org/@radix-ui%2freact-context-menu cache-miss
69 http fetch GET 200 https://registry.npmjs.org/@radix-ui%2freact-context-menu 1417ms (cache miss)
70 silly packumentCache full:https://registry.npmjs.org/@radix-ui%2freact-context-menu set size:undefined disposed:false
71 silly fetch manifest @radix-ui/react-dialog@1.1.4
72 silly packumentCache full:https://registry.npmjs.org/@radix-ui%2freact-dialog cache-miss
73 http fetch GET 200 https://registry.npmjs.org/@radix-ui%2freact-dialog 136ms (cache miss)
74 silly packumentCache full:https://registry.npmjs.org/@radix-ui%2freact-dialog set size:undefined disposed:false
75 silly fetch manifest @radix-ui/react-dropdown-menu@2.1.4
76 silly packumentCache full:https://registry.npmjs.org/@radix-ui%2freact-dropdown-menu cache-miss
77 http fetch GET 200 https://registry.npmjs.org/@radix-ui%2freact-dropdown-menu 883ms (cache miss)
78 silly packumentCache full:https://registry.npmjs.org/@radix-ui%2freact-dropdown-menu set size:undefined disposed:false
79 silly fetch manifest @radix-ui/react-hover-card@1.1.4
80 silly packumentCache full:https://registry.npmjs.org/@radix-ui%2freact-hover-card cache-miss
81 http fetch GET 200 https://registry.npmjs.org/@radix-ui%2freact-hover-card 847ms (cache miss)
82 silly packumentCache full:https://registry.npmjs.org/@radix-ui%2freact-hover-card set size:undefined disposed:false
83 silly fetch manifest @radix-ui/react-label@2.1.1
84 silly packumentCache full:https://registry.npmjs.org/@radix-ui%2freact-label cache-miss
85 http fetch GET 200 https://registry.npmjs.org/@radix-ui%2freact-label 1277ms (cache miss)
86 silly packumentCache full:https://registry.npmjs.org/@radix-ui%2freact-label set size:undefined disposed:false
87 silly fetch manifest @radix-ui/react-menubar@1.1.4
88 silly packumentCache full:https://registry.npmjs.org/@radix-ui%2freact-menubar cache-miss
89 http fetch GET 200 https://registry.npmjs.org/@radix-ui%2freact-menubar 1569ms (cache miss)
90 silly packumentCache full:https://registry.npmjs.org/@radix-ui%2freact-menubar set size:undefined disposed:false
91 silly fetch manifest @radix-ui/react-navigation-menu@1.2.3
92 silly packumentCache full:https://registry.npmjs.org/@radix-ui%2freact-navigation-menu cache-miss
93 http fetch GET 200 https://registry.npmjs.org/@radix-ui%2freact-navigation-menu 777ms (cache miss)
94 silly packumentCache full:https://registry.npmjs.org/@radix-ui%2freact-navigation-menu set size:undefined disposed:false
95 silly fetch manifest @radix-ui/react-popover@1.1.4
96 silly packumentCache full:https://registry.npmjs.org/@radix-ui%2freact-popover cache-miss
97 http fetch GET 200 https://registry.npmjs.org/@radix-ui%2freact-popover 1454ms (cache miss)
98 silly packumentCache full:https://registry.npmjs.org/@radix-ui%2freact-popover set size:undefined disposed:false
99 silly fetch manifest @radix-ui/react-progress@1.1.1
100 silly packumentCache full:https://registry.npmjs.org/@radix-ui%2freact-progress cache-miss
101 http fetch GET 200 https://registry.npmjs.org/@radix-ui%2freact-progress 611ms (cache miss)
102 silly packumentCache full:https://registry.npmjs.org/@radix-ui%2freact-progress set size:undefined disposed:false
103 silly fetch manifest @radix-ui/react-radio-group@1.2.2
104 silly packumentCache full:https://registry.npmjs.org/@radix-ui%2freact-radio-group cache-miss
105 http fetch GET 200 https://registry.npmjs.org/@radix-ui%2freact-radio-group 1386ms (cache miss)
106 silly packumentCache full:https://registry.npmjs.org/@radix-ui%2freact-radio-group set size:undefined disposed:false
107 silly fetch manifest @radix-ui/react-scroll-area@1.2.2
108 silly packumentCache full:https://registry.npmjs.org/@radix-ui%2freact-scroll-area cache-miss
109 http fetch GET 200 https://registry.npmjs.org/@radix-ui%2freact-scroll-area 289ms (cache miss)
110 silly packumentCache full:https://registry.npmjs.org/@radix-ui%2freact-scroll-area set size:undefined disposed:false
111 silly fetch manifest @radix-ui/react-select@2.1.4
112 silly packumentCache full:https://registry.npmjs.org/@radix-ui%2freact-select cache-miss
113 http fetch GET 200 https://registry.npmjs.org/@radix-ui%2freact-select 647ms (cache miss)
114 silly packumentCache full:https://registry.npmjs.org/@radix-ui%2freact-select set size:undefined disposed:false
115 silly fetch manifest @radix-ui/react-separator@1.1.1
116 silly packumentCache full:https://registry.npmjs.org/@radix-ui%2freact-separator cache-miss
117 http fetch GET 200 https://registry.npmjs.org/@radix-ui%2freact-separator 400ms (cache miss)
118 silly packumentCache full:https://registry.npmjs.org/@radix-ui%2freact-separator set size:undefined disposed:false
119 silly fetch manifest @radix-ui/react-slider@1.2.2
120 silly packumentCache full:https://registry.npmjs.org/@radix-ui%2freact-slider cache-miss
121 http fetch GET 200 https://registry.npmjs.org/@radix-ui%2freact-slider 1346ms (cache miss)
122 silly packumentCache full:https://registry.npmjs.org/@radix-ui%2freact-slider set size:undefined disposed:false
123 silly fetch manifest @radix-ui/react-slot@1.1.1
124 silly packumentCache full:https://registry.npmjs.org/@radix-ui%2freact-slot cache-miss
125 http fetch GET 200 https://registry.npmjs.org/@radix-ui%2freact-slot 505ms (cache miss)
126 silly packumentCache full:https://registry.npmjs.org/@radix-ui%2freact-slot set size:undefined disposed:false
127 silly fetch manifest @radix-ui/react-switch@1.1.2
128 silly packumentCache full:https://registry.npmjs.org/@radix-ui%2freact-switch cache-miss
129 http fetch GET 200 https://registry.npmjs.org/@radix-ui%2freact-switch 979ms (cache miss)
130 silly packumentCache full:https://registry.npmjs.org/@radix-ui%2freact-switch set size:undefined disposed:false
131 silly fetch manifest @radix-ui/react-tabs@1.1.2
132 silly packumentCache full:https://registry.npmjs.org/@radix-ui%2freact-tabs cache-miss
133 http fetch GET 200 https://registry.npmjs.org/@radix-ui%2freact-tabs 148ms (cache miss)
134 silly packumentCache full:https://registry.npmjs.org/@radix-ui%2freact-tabs set size:undefined disposed:false
135 silly fetch manifest @radix-ui/react-toast@1.2.4
136 silly packumentCache full:https://registry.npmjs.org/@radix-ui%2freact-toast cache-miss
137 http fetch GET 200 https://registry.npmjs.org/@radix-ui%2freact-toast 117ms (cache miss)
138 silly packumentCache full:https://registry.npmjs.org/@radix-ui%2freact-toast set size:undefined disposed:false
139 silly fetch manifest @radix-ui/react-toggle@1.1.1
140 silly packumentCache full:https://registry.npmjs.org/@radix-ui%2freact-toggle cache-miss
141 http fetch GET 200 https://registry.npmjs.org/@radix-ui%2freact-toggle 82ms (cache miss)
142 silly packumentCache full:https://registry.npmjs.org/@radix-ui%2freact-toggle set size:undefined disposed:false
143 silly fetch manifest @radix-ui/react-toggle-group@1.1.1
144 silly packumentCache full:https://registry.npmjs.org/@radix-ui%2freact-toggle-group cache-miss
145 http fetch GET 200 https://registry.npmjs.org/@radix-ui%2freact-toggle-group 861ms (cache miss)
146 silly packumentCache full:https://registry.npmjs.org/@radix-ui%2freact-toggle-group set size:undefined disposed:false
147 silly fetch manifest @radix-ui/react-tooltip@1.1.6
148 silly packumentCache full:https://registry.npmjs.org/@radix-ui%2freact-tooltip cache-miss
149 http fetch GET 200 https://registry.npmjs.org/@radix-ui%2freact-tooltip 858ms (cache miss)
150 silly packumentCache full:https://registry.npmjs.org/@radix-ui%2freact-tooltip set size:undefined disposed:false
151 silly fetch manifest @vercel/analytics@latest
152 silly packumentCache full:https://registry.npmjs.org/@vercel%2fanalytics cache-miss
153 http fetch GET 200 https://registry.npmjs.org/@vercel%2fanalytics 1206ms (cache miss)
154 silly packumentCache full:https://registry.npmjs.org/@vercel%2fanalytics set size:undefined disposed:false
155 silly fetch manifest @remix-run/react@^2
156 silly packumentCache full:https://registry.npmjs.org/@remix-run%2freact cache-miss
157 http fetch GET 200 https://registry.npmjs.org/@remix-run%2freact 1685ms (cache miss)
158 silly packumentCache full:https://registry.npmjs.org/@remix-run%2freact set size:undefined disposed:false
159 silly fetch manifest react@^18.0.0
160 silly packumentCache full:https://registry.npmjs.org/react cache-miss
161 http cache https://registry.npmjs.org/react 29ms (cache hit)
162 silly packumentCache full:https://registry.npmjs.org/react set size:6398188 disposed:false
163 silly fetch manifest react-dom@^18.0.0
164 silly packumentCache full:https://registry.npmjs.org/react-dom cache-miss
165 http cache https://registry.npmjs.org/react-dom 13ms (cache hit)
166 silly packumentCache full:https://registry.npmjs.org/react-dom set size:8436180 disposed:false
167 silly fetch manifest typescript@^5
168 silly packumentCache full:https://registry.npmjs.org/typescript cache-miss
169 http fetch GET 200 https://registry.npmjs.org/typescript 2916ms (cache miss)
170 silly packumentCache full:https://registry.npmjs.org/typescript set size:undefined disposed:false
171 silly fetch manifest @sveltejs/kit@^1 || ^2
172 silly packumentCache full:https://registry.npmjs.org/@sveltejs%2fkit cache-miss
173 http fetch GET 200 https://registry.npmjs.org/@sveltejs%2fkit 1268ms (cache miss)
174 silly packumentCache full:https://registry.npmjs.org/@sveltejs%2fkit set size:undefined disposed:false
175 silly fetch manifest @opentelemetry/api@^1.0.0
176 silly packumentCache full:https://registry.npmjs.org/@opentelemetry%2fapi cache-miss
177 http fetch GET 200 https://registry.npmjs.org/@opentelemetry%2fapi 859ms (cache miss)
178 silly packumentCache full:https://registry.npmjs.org/@opentelemetry%2fapi set size:undefined disposed:false
179 silly fetch manifest @sveltejs/vite-plugin-svelte@^3.0.0 || ^4.0.0-next.1 || ^5.0.0 || ^6.0.0-next.0
180 silly packumentCache full:https://registry.npmjs.org/@sveltejs%2fvite-plugin-svelte cache-miss
181 http fetch GET 200 https://registry.npmjs.org/@sveltejs%2fvite-plugin-svelte 578ms (cache miss)
182 silly packumentCache full:https://registry.npmjs.org/@sveltejs%2fvite-plugin-svelte set size:undefined disposed:false
183 silly fetch manifest svelte@^5.0.0
184 silly packumentCache full:https://registry.npmjs.org/svelte cache-miss
185 http fetch GET 200 https://registry.npmjs.org/svelte 588ms (cache miss)
186 silly packumentCache full:https://registry.npmjs.org/svelte set size:undefined disposed:false
187 silly fetch manifest vite@^6.3.0 || ^7.0.0
188 silly packumentCache full:https://registry.npmjs.org/vite cache-miss
189 http fetch GET 200 https://registry.npmjs.org/vite 1329ms (cache miss)
190 silly packumentCache full:https://registry.npmjs.org/vite set size:undefined disposed:false
191 silly fetch manifest @types/node@^22
192 silly packumentCache full:https://registry.npmjs.org/@types%2fnode cache-miss
193 http fetch GET 200 https://registry.npmjs.org/@types%2fnode 618ms (cache miss)
194 silly packumentCache full:https://registry.npmjs.org/@types%2fnode set size:undefined disposed:false
195 silly fetch manifest jiti@>=1.21.0
196 silly packumentCache full:https://registry.npmjs.org/jiti cache-miss
197 http fetch GET 200 https://registry.npmjs.org/jiti 610ms (cache miss)
198 silly packumentCache full:https://registry.npmjs.org/jiti set size:undefined disposed:false
199 silly fetch manifest less@^4.0.0
200 silly packumentCache full:https://registry.npmjs.org/less cache-miss
201 http fetch GET 200 https://registry.npmjs.org/less 216ms (cache miss)
202 silly packumentCache full:https://registry.npmjs.org/less set size:undefined disposed:false
203 silly fetch manifest lightningcss@^1.21.0
204 silly packumentCache full:https://registry.npmjs.org/lightningcss cache-miss
205 http fetch GET 200 https://registry.npmjs.org/lightningcss 247ms (cache miss)
206 silly packumentCache full:https://registry.npmjs.org/lightningcss set size:undefined disposed:false
207 silly fetch manifest sass@^1.70.0
208 silly packumentCache full:https://registry.npmjs.org/sass cache-miss
209 http fetch GET 200 https://registry.npmjs.org/sass 319ms (cache miss)
210 silly packumentCache full:https://registry.npmjs.org/sass set size:undefined disposed:false
211 silly fetch manifest sass-embedded@^1.70.0
212 silly packumentCache full:https://registry.npmjs.org/sass-embedded cache-miss
213 http fetch GET 200 https://registry.npmjs.org/sass-embedded 200ms (cache miss)
214 silly packumentCache full:https://registry.npmjs.org/sass-embedded set size:undefined disposed:false
215 silly fetch manifest stylus@>=0.54.8
216 silly packumentCache full:https://registry.npmjs.org/stylus cache-miss
217 http fetch GET 200 https://registry.npmjs.org/stylus 694ms (cache miss)
218 silly packumentCache full:https://registry.npmjs.org/stylus set size:undefined disposed:false
219 silly fetch manifest sugarss@^5.0.0
220 silly packumentCache full:https://registry.npmjs.org/sugarss cache-miss
221 http fetch GET 200 https://registry.npmjs.org/sugarss 544ms (cache miss)
222 silly packumentCache full:https://registry.npmjs.org/sugarss set size:undefined disposed:false
223 silly fetch manifest postcss@^8.5
224 silly packumentCache full:https://registry.npmjs.org/postcss cache-miss
225 http fetch GET 200 https://registry.npmjs.org/postcss 322ms (cache miss)
226 silly packumentCache full:https://registry.npmjs.org/postcss set size:undefined disposed:false
227 silly fetch manifest terser@^5.16.0
228 silly packumentCache full:https://registry.npmjs.org/terser cache-miss
229 http fetch GET 200 https://registry.npmjs.org/terser 177ms (cache miss)
230 silly packumentCache full:https://registry.npmjs.org/terser set size:undefined disposed:false
231 silly fetch manifest tsx@^4.8.1
232 silly packumentCache full:https://registry.npmjs.org/tsx cache-miss
233 http fetch GET 200 https://registry.npmjs.org/tsx 188ms (cache miss)
234 silly packumentCache full:https://registry.npmjs.org/tsx set size:undefined disposed:false
235 silly fetch manifest yaml@^2.4.2
236 silly packumentCache full:https://registry.npmjs.org/yaml cache-miss
237 http fetch GET 200 https://registry.npmjs.org/yaml 315ms (cache miss)
238 silly packumentCache full:https://registry.npmjs.org/yaml set size:undefined disposed:false
239 silly fetch manifest next@16.0.10
240 silly packumentCache full:https://registry.npmjs.org/next cache-miss
241 http fetch GET 200 https://registry.npmjs.org/next 1596ms (cache miss)
242 silly packumentCache full:https://registry.npmjs.org/next set size:undefined disposed:false
243 silly fetch manifest @playwright/test@^1.51.1
244 silly packumentCache full:https://registry.npmjs.org/@playwright%2ftest cache-miss
245 http fetch GET 200 https://registry.npmjs.org/@playwright%2ftest 586ms (cache miss)
246 silly packumentCache full:https://registry.npmjs.org/@playwright%2ftest set size:undefined disposed:false
247 silly fetch manifest babel-plugin-react-compiler@*
248 silly packumentCache full:https://registry.npmjs.org/babel-plugin-react-compiler cache-miss
249 http fetch GET 200 https://registry.npmjs.org/babel-plugin-react-compiler 157ms (cache miss)
250 silly packumentCache full:https://registry.npmjs.org/babel-plugin-react-compiler set size:undefined disposed:false
251 silly fetch manifest vue@^3
252 silly packumentCache full:https://registry.npmjs.org/vue cache-miss
253 http fetch GET 200 https://registry.npmjs.org/vue 237ms (cache miss)
254 silly packumentCache full:https://registry.npmjs.org/vue set size:undefined disposed:false
255 silly fetch manifest vue-router@^4
256 silly packumentCache full:https://registry.npmjs.org/vue-router cache-miss
257 http fetch GET 200 https://registry.npmjs.org/vue-router 325ms (cache miss)
258 silly packumentCache full:https://registry.npmjs.org/vue-router set size:undefined disposed:false
259 silly fetch manifest autoprefixer@^10.4.20
260 silly packumentCache full:https://registry.npmjs.org/autoprefixer cache-miss
261 http fetch GET 200 https://registry.npmjs.org/autoprefixer 327ms (cache miss)
262 silly packumentCache full:https://registry.npmjs.org/autoprefixer set size:undefined disposed:false
263 silly fetch manifest class-variance-authority@^0.7.1
264 silly packumentCache full:https://registry.npmjs.org/class-variance-authority cache-miss
265 http fetch GET 200 https://registry.npmjs.org/class-variance-authority 495ms (cache miss)
266 silly packumentCache full:https://registry.npmjs.org/class-variance-authority set size:undefined disposed:false
267 silly fetch manifest clsx@^2.1.1
268 silly packumentCache full:https://registry.npmjs.org/clsx cache-miss
269 http fetch GET 200 https://registry.npmjs.org/clsx 312ms (cache miss)
270 silly packumentCache full:https://registry.npmjs.org/clsx set size:undefined disposed:false
271 silly fetch manifest cmdk@1.0.4
272 silly packumentCache full:https://registry.npmjs.org/cmdk cache-miss
273 http fetch GET 200 https://registry.npmjs.org/cmdk 625ms (cache miss)
274 silly packumentCache full:https://registry.npmjs.org/cmdk set size:undefined disposed:false
275 silly fetch manifest date-fns@4.1.0
276 silly packumentCache full:https://registry.npmjs.org/date-fns cache-miss
277 http fetch GET 200 https://registry.npmjs.org/date-fns 564ms (cache miss)
278 silly packumentCache full:https://registry.npmjs.org/date-fns set size:undefined disposed:false
279 silly fetch manifest embla-carousel-react@8.5.1
280 silly packumentCache full:https://registry.npmjs.org/embla-carousel-react cache-miss
281 http fetch GET 200 https://registry.npmjs.org/embla-carousel-react 648ms (cache miss)
282 silly packumentCache full:https://registry.npmjs.org/embla-carousel-react set size:undefined disposed:false
283 silly fetch manifest firebase@12.7.0
284 silly packumentCache full:https://registry.npmjs.org/firebase cache-miss
285 http fetch GET 200 https://registry.npmjs.org/firebase 1505ms (cache miss)
286 silly packumentCache full:https://registry.npmjs.org/firebase set size:undefined disposed:false
287 silly fetch manifest framer-motion@latest
288 silly packumentCache full:https://registry.npmjs.org/framer-motion cache-miss
289 http fetch GET 200 https://registry.npmjs.org/framer-motion 275ms (cache miss)
290 silly packumentCache full:https://registry.npmjs.org/framer-motion set size:undefined disposed:false
291 silly fetch manifest gsap@latest
292 silly packumentCache full:https://registry.npmjs.org/gsap cache-miss
293 http fetch GET 200 https://registry.npmjs.org/gsap 250ms (cache miss)
294 silly packumentCache full:https://registry.npmjs.org/gsap set size:undefined disposed:false
295 silly fetch manifest input-otp@1.4.1
296 silly packumentCache full:https://registry.npmjs.org/input-otp cache-miss
297 http fetch GET 200 https://registry.npmjs.org/input-otp 175ms (cache miss)
298 silly packumentCache full:https://registry.npmjs.org/input-otp set size:undefined disposed:false
299 silly fetch manifest lucide-react@^0.454.0
300 silly packumentCache full:https://registry.npmjs.org/lucide-react cache-miss
301 http fetch GET 200 https://registry.npmjs.org/lucide-react 274ms (cache miss)
302 silly packumentCache full:https://registry.npmjs.org/lucide-react set size:undefined disposed:false
303 silly fetch manifest @opentelemetry/api@^1.1.0
304 silly packumentCache full:https://registry.npmjs.org/@opentelemetry%2fapi cache-miss
305 http cache https://registry.npmjs.org/@opentelemetry%2fapi 11ms (cache hit)
306 silly packumentCache full:https://registry.npmjs.org/@opentelemetry%2fapi set size:455567 disposed:false
307 silly fetch manifest sass@^1.3.0
308 silly packumentCache full:https://registry.npmjs.org/sass cache-miss
309 http cache https://registry.npmjs.org/sass 2ms (cache hit)
310 silly packumentCache full:https://registry.npmjs.org/sass set size:719969 disposed:false
311 silly fetch manifest next-themes@latest
312 silly packumentCache full:https://registry.npmjs.org/next-themes cache-miss
313 http fetch GET 200 https://registry.npmjs.org/next-themes 414ms (cache miss)
314 silly packumentCache full:https://registry.npmjs.org/next-themes set size:undefined disposed:false
315 silly fetch manifest react-day-picker@9.8.0
316 silly packumentCache full:https://registry.npmjs.org/react-day-picker cache-miss
317 http fetch GET 200 https://registry.npmjs.org/react-day-picker 565ms (cache miss)
318 silly packumentCache full:https://registry.npmjs.org/react-day-picker set size:undefined disposed:false
319 silly fetch manifest react-is@^19.2.3
320 silly packumentCache full:https://registry.npmjs.org/react-is cache-miss
321 http fetch GET 200 https://registry.npmjs.org/react-is 810ms (cache miss)
322 silly packumentCache full:https://registry.npmjs.org/react-is set size:undefined disposed:false
323 silly fetch manifest react-resizable-panels@^2.1.7
324 silly packumentCache full:https://registry.npmjs.org/react-resizable-panels cache-miss
325 http fetch GET 200 https://registry.npmjs.org/react-resizable-panels 1553ms (cache miss)
326 silly packumentCache full:https://registry.npmjs.org/react-resizable-panels set size:undefined disposed:false
327 silly fetch manifest recharts@latest
328 silly packumentCache full:https://registry.npmjs.org/recharts cache-miss
329 http fetch GET 200 https://registry.npmjs.org/recharts 966ms (cache miss)
330 silly packumentCache full:https://registry.npmjs.org/recharts set size:undefined disposed:false
331 silly fetch manifest sonner@^1.7.4
332 silly packumentCache full:https://registry.npmjs.org/sonner cache-miss
333 http fetch GET 200 https://registry.npmjs.org/sonner 424ms (cache miss)
334 silly packumentCache full:https://registry.npmjs.org/sonner set size:undefined disposed:false
335 silly fetch manifest tailwind-merge@^2.5.5
336 silly packumentCache full:https://registry.npmjs.org/tailwind-merge cache-miss
337 http fetch GET 200 https://registry.npmjs.org/tailwind-merge 472ms (cache miss)
338 silly packumentCache full:https://registry.npmjs.org/tailwind-merge set size:undefined disposed:false
339 silly fetch manifest tailwindcss-animate@^1.0.7
340 silly packumentCache full:https://registry.npmjs.org/tailwindcss-animate cache-miss
341 http fetch GET 200 https://registry.npmjs.org/tailwindcss-animate 556ms (cache miss)
342 silly packumentCache full:https://registry.npmjs.org/tailwindcss-animate set size:undefined disposed:false
343 silly fetch manifest tailwindcss@^4.1.9
344 silly packumentCache full:https://registry.npmjs.org/tailwindcss cache-miss
345 http fetch GET 200 https://registry.npmjs.org/tailwindcss 1015ms (cache miss)
346 silly packumentCache full:https://registry.npmjs.org/tailwindcss set size:undefined disposed:false
347 silly fetch manifest vaul@^0.9.9
348 silly packumentCache full:https://registry.npmjs.org/vaul cache-miss
349 http fetch GET 200 https://registry.npmjs.org/vaul 974ms (cache miss)
350 silly packumentCache full:https://registry.npmjs.org/vaul set size:undefined disposed:false
351 silly fetch manifest react@^16.8 || ^17.0 || ^18.0
352 silly packumentCache full:https://registry.npmjs.org/react cache-miss
353 http cache https://registry.npmjs.org/react 18ms (cache hit)
354 silly packumentCache full:https://registry.npmjs.org/react set size:6398188 disposed:false
355 verbose stack Error: unable to resolve dependency tree
355 verbose stack     at #failPeerConflict (/usr/local/lib/node_modules/npm/node_modules/@npmcli/arborist/lib/arborist/build-ideal-tree.js:1420:25)
355 verbose stack     at #loadPeerSet (/usr/local/lib/node_modules/npm/node_modules/@npmcli/arborist/lib/arborist/build-ideal-tree.js:1386:33)
355 verbose stack     at async #buildDepStep (/usr/local/lib/node_modules/npm/node_modules/@npmcli/arborist/lib/arborist/build-ideal-tree.js:929:11)
355 verbose stack     at async Arborist.buildIdealTree (/usr/local/lib/node_modules/npm/node_modules/@npmcli/arborist/lib/arborist/build-ideal-tree.js:182:7)
355 verbose stack     at async Promise.all (index 1)
355 verbose stack     at async Arborist.reify (/usr/local/lib/node_modules/npm/node_modules/@npmcli/arborist/lib/arborist/reify.js:114:5)
355 verbose stack     at async Install.exec (/usr/local/lib/node_modules/npm/lib/commands/install.js:150:5)
355 verbose stack     at async Npm.exec (/usr/local/lib/node_modules/npm/lib/npm.js:208:9)
355 verbose stack     at async module.exports (/usr/local/lib/node_modules/npm/lib/cli/entry.js:67:5)
356 error code ERESOLVE
357 error ERESOLVE unable to resolve dependency tree
358 error
359 error While resolving: my-v0-project@0.1.0
359 error Found: react@19.2.0[2m[22m
359 error [2mnode_modules/react[22m
359 error   react@"19.2.0" from the root project
359 error
359 error Could not resolve dependency:
359 error [95mpeer[39m react@"^16.8 || ^17.0 || ^18.0" from vaul@0.9.9[2m[22m
359 error [2mnode_modules/vaul[22m
359 error   vaul@"^0.9.9" from the root project
359 error
359 error Fix the upstream dependency conflict, or retry
359 error this command with --force or --legacy-peer-deps
359 error to accept an incorrect (and potentially broken) dependency resolution.
360 error
360 error
360 error For a full report see:
360 error /Users/mrrayan07/Desktop/capcore/v0-CapitalCoreFinance/.npm-cache/_logs/2026-01-21T07_17_23_736Z-eresolve-report.txt
361 silly unfinished npm timer reify 1768979844104
362 silly unfinished npm timer reify:loadTrees 1768979844104
363 silly unfinished npm timer idealTree:buildDeps 1768979844110
364 silly unfinished npm timer idealTree:#root 1768979844110
365 verbose cwd /Users/mrrayan07/Desktop/capcore/v0-CapitalCoreFinance
366 verbose os Darwin 25.1.0
367 verbose node v24.11.1
368 verbose npm  v11.6.2
369 notice
369 notice New [33mminor[39m version of npm available! [33m11.6.2[39m -> [34m11.7.0[39m
369 notice Changelog: [34mhttps://github.com/npm/cli/releases/tag/v11.7.0[39m
369 notice To update run: [4mnpm install -g npm@11.7.0[24m
369 notice  { force: true, Symbol(proc-log.meta): true }
370 verbose exit 1
371 verbose code 1
372 error A complete log of this run can be found in: /Users/mrrayan07/Desktop/capcore/v0-CapitalCoreFinance/.npm-cache/_logs/2026-01-21T07_17_23_736Z-debug-0.log
