0 verbose cli /usr/local/bin/node /usr/local/bin/npm
1 info using npm@11.6.2
2 info using node@v24.11.1
3 silly config load:file:/usr/local/lib/node_modules/npm/npmrc
4 silly config load:file:/Users/mrrayan07/Desktop/capcore/v0-CapitalCoreFinance/.npmrc
5 silly config load:file:/Users/mrrayan07/.npmrc
6 silly config load:file:/usr/local/etc/npmrc
7 verbose title npm install lenis
8 verbose argv "install" "lenis"
9 verbose logfile logs-max:10 dir:/Users/mrrayan07/Desktop/capcore/v0-CapitalCoreFinance/.npm-cache/_logs/2026-01-21T12_39_37_018Z-
10 verbose logfile /Users/mrrayan07/Desktop/capcore/v0-CapitalCoreFinance/.npm-cache/_logs/2026-01-21T12_39_37_018Z-debug-0.log
11 silly logfile done cleaning log files
12 silly packumentCache heap:2348810240 maxSize:587202560 maxEntrySize:293601280
13 verbose shrinkwrap failed to load node_modules/.package-lock.json out of date, updated: node_modules
14 silly idealTree buildDeps
15 silly fetch manifest lenis@*
16 silly packumentCache full:https://registry.npmjs.org/lenis cache-miss
17 http cache https://registry.npmjs.org/lenis 19ms (cache hit)
18 silly packumentCache full:https://registry.npmjs.org/lenis set size:293255 disposed:false
19 silly fetch manifest @nuxt/kit@>=3.0.0
20 silly packumentCache full:https://registry.npmjs.org/@nuxt%2fkit cache-miss
21 http cache https://registry.npmjs.org/@nuxt%2fkit 113296ms (cache hit)
22 silly packumentCache full:https://registry.npmjs.org/@nuxt%2fkit set size:352382 disposed:false
23 silly fetch manifest react@19.2.0
24 silly packumentCache full:https://registry.npmjs.org/react cache-miss
25 http cache https://registry.npmjs.org/react 18ms (cache hit)
26 silly packumentCache full:https://registry.npmjs.org/react set size:6398188 disposed:false
27 silly fetch manifest vue@>=3.0.0
28 silly packumentCache full:https://registry.npmjs.org/vue cache-miss
29 http cache https://registry.npmjs.org/vue 12ms (cache hit)
30 silly packumentCache full:https://registry.npmjs.org/vue set size:1984085 disposed:false
31 silly fetch manifest typescript@^5
32 silly packumentCache full:https://registry.npmjs.org/typescript cache-miss
33 http cache https://registry.npmjs.org/typescript 35ms (cache hit)
34 silly packumentCache full:https://registry.npmjs.org/typescript set size:15152169 disposed:false
35 silly placeDep ROOT lenis@1.3.17 OK for: my-v0-project@0.1.0 want: *
36 silly fetch manifest react@^16.8 || ^17.0 || ^18.0
37 silly packumentCache full:https://registry.npmjs.org/react cache-miss
38 http cache https://registry.npmjs.org/react 49ms (cache hit)
39 silly packumentCache full:https://registry.npmjs.org/react set size:6398188 disposed:false
40 silly fetch manifest react-dom@^16.8 || ^17.0 || ^18.0
41 silly packumentCache full:https://registry.npmjs.org/react-dom cache-miss
42 http cache https://registry.npmjs.org/react-dom 16ms (cache hit)
43 silly packumentCache full:https://registry.npmjs.org/react-dom set size:8436180 disposed:false
44 verbose stack Error: could not resolve
44 verbose stack     at PlaceDep.failPeerConflict (/usr/local/lib/node_modules/npm/node_modules/@npmcli/arborist/lib/place-dep.js:503:25)
44 verbose stack     at new PlaceDep (/usr/local/lib/node_modules/npm/node_modules/@npmcli/arborist/lib/place-dep.js:157:21)
44 verbose stack     at #buildDepStep (/usr/local/lib/node_modules/npm/node_modules/@npmcli/arborist/lib/arborist/build-ideal-tree.js:945:18)
44 verbose stack     at async Arborist.buildIdealTree (/usr/local/lib/node_modules/npm/node_modules/@npmcli/arborist/lib/arborist/build-ideal-tree.js:182:7)
44 verbose stack     at async Promise.all (index 1)
44 verbose stack     at async Arborist.reify (/usr/local/lib/node_modules/npm/node_modules/@npmcli/arborist/lib/arborist/reify.js:114:5)
44 verbose stack     at async Install.exec (/usr/local/lib/node_modules/npm/lib/commands/install.js:150:5)
44 verbose stack     at async Npm.exec (/usr/local/lib/node_modules/npm/lib/npm.js:208:9)
44 verbose stack     at async module.exports (/usr/local/lib/node_modules/npm/lib/cli/entry.js:67:5)
45 error code ERESOLVE
46 error ERESOLVE could not resolve
47 error
48 error While resolving: vaul@0.9.9
48 error Found: react@19.2.0
48 error node_modules/react
48 error   peer react@">=16.8.0" from @floating-ui/react-dom@2.1.6
48 error   node_modules/@floating-ui/react-dom
48 error     @floating-ui/react-dom@"^2.0.0" from @radix-ui/react-popper@1.2.1
48 error     node_modules/@radix-ui/react-popper
48 error       @radix-ui/react-popper@"1.2.1" from @radix-ui/react-hover-card@1.1.4
48 error       node_modules/@radix-ui/react-hover-card
48 error         @radix-ui/react-hover-card@"1.1.4" from the root project
48 error       4 more (@radix-ui/react-menu, @radix-ui/react-popover, ...)
48 error   peer react@"^16.8 || ^17.0 || ^18.0 || ^19.0 || ^19.0.0-rc" from @radix-ui/react-accordion@1.2.2
48 error   node_modules/@radix-ui/react-accordion
48 error     @radix-ui/react-accordion@"1.2.2" from the root project
48 error   74 more (@radix-ui/react-alert-dialog, @radix-ui/react-arrow, ...)
48 error
48 error Could not resolve dependency:
48 error peer react@"^16.8 || ^17.0 || ^18.0" from vaul@0.9.9
48 error node_modules/vaul
48 error   vaul@"^0.9.9" from the root project
48 error
48 error Conflicting peer dependency: react@18.3.1
48 error node_modules/react
48 error   peer react@"^16.8 || ^17.0 || ^18.0" from vaul@0.9.9
48 error   node_modules/vaul
48 error     vaul@"^0.9.9" from the root project
48 error
48 error Fix the upstream dependency conflict, or retry
48 error this command with --force or --legacy-peer-deps
48 error to accept an incorrect (and potentially broken) dependency resolution.
49 error
49 error
49 error For a full report see:
49 error /Users/mrrayan07/Desktop/capcore/v0-CapitalCoreFinance/.npm-cache/_logs/2026-01-21T12_39_37_018Z-eresolve-report.txt
50 silly unfinished npm timer reify 1768999178179
51 silly unfinished npm timer reify:loadTrees 1768999178179
52 silly unfinished npm timer idealTree:buildDeps 1768999178283
53 silly unfinished npm timer idealTree:node_modules/vaul 1768999291834
54 verbose cwd /Users/mrrayan07/Desktop/capcore/v0-CapitalCoreFinance
55 verbose os Darwin 25.1.0
56 verbose node v24.11.1
57 verbose npm  v11.6.2
58 verbose exit 1
59 verbose code 1
60 error A complete log of this run can be found in: /Users/mrrayan07/Desktop/capcore/v0-CapitalCoreFinance/.npm-cache/_logs/2026-01-21T12_39_37_018Z-debug-0.log
