0 verbose cli /usr/local/bin/node /usr/local/bin/npm
1 info using npm@11.6.2
2 info using node@v24.11.1
3 silly config load:file:/usr/local/lib/node_modules/npm/npmrc
4 silly config load:file:/Users/mrrayan07/Desktop/capcore/v0-CapitalCoreFinance/.npmrc
5 silly config load:file:/Users/mrrayan07/.npmrc
6 silly config load:file:/usr/local/etc/npmrc
7 verbose title npm install @types/lenis
8 verbose argv "install" "@types/lenis" "--save-dev"
9 verbose logfile logs-max:10 dir:/Users/mrrayan07/Desktop/capcore/v0-CapitalCoreFinance/.npm-cache/_logs/2026-01-21T12_37_57_076Z-
10 verbose logfile /Users/mrrayan07/Desktop/capcore/v0-CapitalCoreFinance/.npm-cache/_logs/2026-01-21T12_37_57_076Z-debug-0.log
11 silly logfile done cleaning log files
12 silly packumentCache heap:2348810240 maxSize:587202560 maxEntrySize:293601280
13 verbose shrinkwrap failed to load node_modules/.package-lock.json out of date, updated: node_modules
14 silly idealTree buildDeps
15 silly fetch manifest @types/lenis@*
16 silly packumentCache full:https://registry.npmjs.org/@types%2flenis cache-miss
17 notice Access token expired or revoked. Please try logging in again.
18 http fetch GET 404 https://registry.npmjs.org/@types%2flenis 505ms (cache skip)
19 silly placeDep ROOT @types/lenis@ OK for: my-v0-project@0.1.0 want: *
20 silly fetch manifest react@^16.8 || ^17.0 || ^18.0
21 silly packumentCache full:https://registry.npmjs.org/react cache-miss
22 http cache https://registry.npmjs.org/react 213299ms (cache hit)
23 silly packumentCache full:https://registry.npmjs.org/react set size:6398188 disposed:false
24 silly fetch manifest react-dom@^16.8 || ^17.0 || ^18.0
25 silly packumentCache full:https://registry.npmjs.org/react-dom cache-miss
26 http cache https://registry.npmjs.org/react-dom 41ms (cache hit)
27 silly packumentCache full:https://registry.npmjs.org/react-dom set size:8436180 disposed:false
28 verbose stack Error: could not resolve
28 verbose stack     at PlaceDep.failPeerConflict (/usr/local/lib/node_modules/npm/node_modules/@npmcli/arborist/lib/place-dep.js:503:25)
28 verbose stack     at new PlaceDep (/usr/local/lib/node_modules/npm/node_modules/@npmcli/arborist/lib/place-dep.js:157:21)
28 verbose stack     at #buildDepStep (/usr/local/lib/node_modules/npm/node_modules/@npmcli/arborist/lib/arborist/build-ideal-tree.js:945:18)
28 verbose stack     at async Arborist.buildIdealTree (/usr/local/lib/node_modules/npm/node_modules/@npmcli/arborist/lib/arborist/build-ideal-tree.js:182:7)
28 verbose stack     at async Promise.all (index 1)
28 verbose stack     at async Arborist.reify (/usr/local/lib/node_modules/npm/node_modules/@npmcli/arborist/lib/arborist/reify.js:114:5)
28 verbose stack     at async Install.exec (/usr/local/lib/node_modules/npm/lib/commands/install.js:150:5)
28 verbose stack     at async Npm.exec (/usr/local/lib/node_modules/npm/lib/npm.js:208:9)
28 verbose stack     at async module.exports (/usr/local/lib/node_modules/npm/lib/cli/entry.js:67:5)
29 error code ERESOLVE
30 error ERESOLVE could not resolve
31 error
32 error While resolving: vaul@0.9.9
32 error Found: react@19.2.0
32 error node_modules/react
32 error   peer react@">=16.8.0" from @floating-ui/react-dom@2.1.6
32 error   node_modules/@floating-ui/react-dom
32 error     @floating-ui/react-dom@"^2.0.0" from @radix-ui/react-popper@1.2.1
32 error     node_modules/@radix-ui/react-popper
32 error       @radix-ui/react-popper@"1.2.1" from @radix-ui/react-hover-card@1.1.4
32 error       node_modules/@radix-ui/react-hover-card
32 error         @radix-ui/react-hover-card@"1.1.4" from the root project
32 error       4 more (@radix-ui/react-menu, @radix-ui/react-popover, ...)
32 error   peer react@"^16.8 || ^17.0 || ^18.0 || ^19.0 || ^19.0.0-rc" from @radix-ui/react-accordion@1.2.2
32 error   node_modules/@radix-ui/react-accordion
32 error     @radix-ui/react-accordion@"1.2.2" from the root project
32 error   73 more (@radix-ui/react-alert-dialog, @radix-ui/react-arrow, ...)
32 error
32 error Could not resolve dependency:
32 error peer react@"^16.8 || ^17.0 || ^18.0" from vaul@0.9.9
32 error node_modules/vaul
32 error   vaul@"^0.9.9" from the root project
32 error
32 error Conflicting peer dependency: react@18.3.1
32 error node_modules/react
32 error   peer react@"^16.8 || ^17.0 || ^18.0" from vaul@0.9.9
32 error   node_modules/vaul
32 error     vaul@"^0.9.9" from the root project
32 error
32 error Fix the upstream dependency conflict, or retry
32 error this command with --force or --legacy-peer-deps
32 error to accept an incorrect (and potentially broken) dependency resolution.
33 error
33 error
33 error For a full report see:
33 error /Users/mrrayan07/Desktop/capcore/v0-CapitalCoreFinance/.npm-cache/_logs/2026-01-21T12_37_57_076Z-eresolve-report.txt
34 silly unfinished npm timer reify 1768999077752
35 silly unfinished npm timer reify:loadTrees 1768999077752
36 silly unfinished npm timer idealTree:buildDeps 1768999077828
37 silly unfinished npm timer idealTree:node_modules/vaul 1768999078342
38 verbose cwd /Users/mrrayan07/Desktop/capcore/v0-CapitalCoreFinance
39 verbose os Darwin 25.1.0
40 verbose node v24.11.1
41 verbose npm  v11.6.2
42 verbose exit 1
43 verbose code 1
44 error A complete log of this run can be found in: /Users/mrrayan07/Desktop/capcore/v0-CapitalCoreFinance/.npm-cache/_logs/2026-01-21T12_37_57_076Z-debug-0.log
